<?xml version="1.0" encoding="UTF-8"?>
<testng-results ignored="0" total="1" passed="1" failed="0" skipped="0">
  <reporter-output>
  </reporter-output>
  <suite started-at="2021-01-22T07:26:09Z" name="Default suite" finished-at="2021-01-22T07:26:32Z" duration-ms="22985">
    <groups>
    </groups>
    <test started-at="2021-01-22T07:26:09Z" name="Default test" finished-at="2021-01-22T07:26:32Z" duration-ms="22985">
      <class name="popularReport.ExtentReport.ExtentReportDemo">
        <test-method is-config="true" signature="test()[pri:0, instance:popularReport.ExtentReport.ExtentReportDemo@1ef6d34c]" started-at="2021-01-22T07:26:09Z" name="test" finished-at="2021-01-22T07:26:10Z" duration-ms="862" status="PASS">
          <reporter-output>
          </reporter-output>
        </test-method> <!-- test -->
        <test-method signature="initialDemo()[pri:0, instance:popularReport.ExtentReport.ExtentReportDemo@1ef6d34c]" started-at="2021-01-22T07:26:10Z" name="initialDemo" finished-at="2021-01-22T07:26:32Z" duration-ms="22101" status="PASS">
          <reporter-output>
          </reporter-output>
        </test-method> <!-- initialDemo -->
      </class> <!-- popularReport.ExtentReport.ExtentReportDemo -->
    </test> <!-- Default test -->
  </suite> <!-- Default suite -->
</testng-results>
